Using pre-set license
Built from '2021.3/staging' branch; Version is '2021.3.19f1 (c9714fde33b6) revision 13201743'; Using compiler version '192829333'; Build Type 'Release'
OS: 'Windows 10  (10.0.19045) 64bit Professional' Language: 'pt' Physical Memory: 32699 MB
BatchMode: 1, IsHumanControllingUs: 0, StartBugReporterOnCrash: 0, Is64bit: 1, IsPro: 1

COMMAND LINE ARGUMENTS:
C:\Program Files\Unity\Hub\Editor\2021.3.19f1\Editor\Unity.exe
-adb2
-batchMode
-noUpm
-name
AssetImportWorker0
-projectPath
C:/Users/pkmla/Desktop/MyUnity/67Bits
-logFile
Logs/AssetImportWorker0.log
-srvPort
50634
Successfully changed project path to: C:/Users/pkmla/Desktop/MyUnity/67Bits
C:/Users/pkmla/Desktop/MyUnity/67Bits
[UnityMemory] Configuration Parameters - Can be set up in boot.config
    "memorysetup-bucket-allocator-granularity=16"
    "memorysetup-bucket-allocator-bucket-count=8"
    "memorysetup-bucket-allocator-block-size=33554432"
    "memorysetup-bucket-allocator-block-count=8"
    "memorysetup-main-allocator-block-size=16777216"
    "memorysetup-thread-allocator-block-size=16777216"
    "memorysetup-gfx-main-allocator-block-size=16777216"
    "memorysetup-gfx-thread-allocator-block-size=16777216"
    "memorysetup-cache-allocator-block-size=4194304"
    "memorysetup-typetree-allocator-block-size=2097152"
    "memorysetup-profiler-bucket-allocator-granularity=16"
    "memorysetup-profiler-bucket-allocator-bucket-count=8"
    "memorysetup-profiler-bucket-allocator-block-size=33554432"
    "memorysetup-profiler-bucket-allocator-block-count=8"
    "memorysetup-profiler-allocator-block-size=16777216"
    "memorysetup-profiler-editor-allocator-block-size=1048576"
    "memorysetup-temp-allocator-size-main=16777216"
    "memorysetup-job-temp-allocator-block-size=2097152"
    "memorysetup-job-temp-allocator-block-size-background=1048576"
    "memorysetup-job-temp-allocator-reduction-small-platforms=262144"
    "memorysetup-temp-allocator-size-background-worker=32768"
    "memorysetup-temp-allocator-size-job-worker=262144"
    "memorysetup-temp-allocator-size-preload-manager=33554432"
    "memorysetup-temp-allocator-size-nav-mesh-worker=65536"
    "memorysetup-temp-allocator-size-audio-worker=65536"
    "memorysetup-temp-allocator-size-cloud-worker=32768"
    "memorysetup-temp-allocator-size-gi-baking-worker=262144"
    "memorysetup-temp-allocator-size-gfx=262144"
Player connection [7556] Host "[IP] 192.168.1.2 [Port] 0 [Flags] 2 [Guid] 2555086988 [EditorId] 2555086988 [Version] 1048832 [Id] WindowsEditor(7,DESKTOP-C1DAI55) [Debug] 1 [PackageName] WindowsEditor [ProjectName] Editor" joined multi-casting on [225.0.0.222:54997]...

Player connection [7556] Host "[IP] 192.168.1.2 [Port] 0 [Flags] 2 [Guid] 2555086988 [EditorId] 2555086988 [Version] 1048832 [Id] WindowsEditor(7,DESKTOP-C1DAI55) [Debug] 1 [PackageName] WindowsEditor [ProjectName] Editor" joined alternative multi-casting on [225.0.0.222:34997]...

Refreshing native plugins compatible for Editor in 110.53 ms, found 3 plugins.
Preloading 0 native plugins for Editor in 0.00 ms.
Initialize engine version: 2021.3.19f1 (c9714fde33b6)
[Subsystems] Discovering subsystems at path C:/Program Files/Unity/Hub/Editor/2021.3.19f1/Editor/Data/Resources/UnitySubsystems
[Subsystems] Discovering subsystems at path C:/Users/pkmla/Desktop/MyUnity/67Bits/Assets
GfxDevice: creating device client; threaded=0; jobified=0
Direct3D:
    Version:  Direct3D 11.0 [level 11.1]
    Renderer: NVIDIA GeForce GTX 1650 (ID=0x1f0a)
    Vendor:   NVIDIA
    VRAM:     3948 MB
    Driver:   31.0.15.3168
Initialize mono
Mono path[0] = 'C:/Program Files/Unity/Hub/Editor/2021.3.19f1/Editor/Data/Managed'
Mono path[1] = 'C:/Program Files/Unity/Hub/Editor/2021.3.19f1/Editor/Data/MonoBleedingEdge/lib/mono/unityjit-win32'
Mono config path = 'C:/Program Files/Unity/Hub/Editor/2021.3.19f1/Editor/Data/MonoBleedingEdge/etc'
Using monoOptions --debugger-agent=transport=dt_socket,embedding=1,server=y,suspend=n,address=127.0.0.1:56920
Begin MonoManager ReloadAssembly
Registering precompiled unity dll's ...
Register platform support module: C:/Program Files/Unity/Hub/Editor/2021.3.19f1/Editor/Data/PlaybackEngines/AndroidPlayer/UnityEditor.Android.Extensions.dll
Register platform support module: C:/Program Files/Unity/Hub/Editor/2021.3.19f1/Editor/Data/PlaybackEngines/WindowsStandaloneSupport/UnityEditor.WindowsStandalone.Extensions.dll
Registered in 0.012404 seconds.
Native extension for WindowsStandalone target not found
Native extension for Android target not found
Android Extension - Scanning For ADB Devices 316 ms
Refreshing native plugins compatible for Editor in 108.63 ms, found 3 plugins.
Preloading 0 native plugins for Editor in 0.00 ms.
Mono: successfully reloaded assembly
- Completed reload, in  1.268 seconds
Domain Reload Profiling:
	ReloadAssembly (1268ms)
		BeginReloadAssembly (104ms)
			ExecutionOrderSort (0ms)
			DisableScriptedObjects (0ms)
			BackupInstance (0ms)
			ReleaseScriptingObjects (0ms)
			CreateAndSetChildDomain (1ms)
		EndReloadAssembly (985ms)
			LoadAssemblies (101ms)
			RebuildTransferFunctionScriptingTraits (0ms)
			SetupTypeCache (159ms)
			ReleaseScriptCaches (0ms)
			RebuildScriptCaches (40ms)
			SetupLoadedEditorAssemblies (712ms)
				LogAssemblyErrors (0ms)
				InitializePlatformSupportModulesInManaged (412ms)
				SetLoadedEditorAssemblies (0ms)
				RefreshPlugins (109ms)
				BeforeProcessingInitializeOnLoad (2ms)
				ProcessInitializeOnLoadAttributes (128ms)
				ProcessInitializeOnLoadMethodAttributes (61ms)
				AfterProcessingInitializeOnLoad (0ms)
				EditorAssembliesLoaded (0ms)
			ExecutionOrderSort2 (0ms)
			AwakeInstancesAfterBackupRestoration (0ms)
Platform modules already initialized, skipping
Registering precompiled user dll's ...
Registered in 0.007687 seconds.
Begin MonoManager ReloadAssembly
Symbol file LoadedFromMemory doesn't match image C:\Users\pkmla\Desktop\MyUnity\67Bits\Library\PackageCache\com.unity.visualscripting@1.8.0\Editor\VisualScripting.Core\Dependencies\YamlDotNet\Unity.VisualScripting.YamlDotNet.dll
Symbol file LoadedFromMemory doesn't match image C:\Users\pkmla\Desktop\MyUnity\67Bits\Library\PackageCache\com.unity.visualscripting@1.8.0\Editor\VisualScripting.Core\Dependencies\DotNetZip\Unity.VisualScripting.IonicZip.dll
Native extension for WindowsStandalone target not found
Native extension for Android target not found
Refreshing native plugins compatible for Editor in 0.63 ms, found 3 plugins.
Preloading 0 native plugins for Editor in 0.00 ms.
Mono: successfully reloaded assembly
- Completed reload, in  1.327 seconds
Domain Reload Profiling:
	ReloadAssembly (1328ms)
		BeginReloadAssembly (131ms)
			ExecutionOrderSort (0ms)
			DisableScriptedObjects (9ms)
			BackupInstance (0ms)
			ReleaseScriptingObjects (0ms)
			CreateAndSetChildDomain (22ms)
		EndReloadAssembly (1041ms)
			LoadAssemblies (93ms)
			RebuildTransferFunctionScriptingTraits (0ms)
			SetupTypeCache (328ms)
			ReleaseScriptCaches (1ms)
			RebuildScriptCaches (77ms)
			SetupLoadedEditorAssemblies (477ms)
				LogAssemblyErrors (0ms)
				InitializePlatformSupportModulesInManaged (24ms)
				SetLoadedEditorAssemblies (0ms)
				RefreshPlugins (1ms)
				BeforeProcessingInitializeOnLoad (101ms)
				ProcessInitializeOnLoadAttributes (310ms)
				ProcessInitializeOnLoadMethodAttributes (31ms)
				AfterProcessingInitializeOnLoad (10ms)
				EditorAssembliesLoaded (0ms)
			ExecutionOrderSort2 (0ms)
			AwakeInstancesAfterBackupRestoration (8ms)
Platform modules already initialized, skipping
========================================================================
Worker process is ready to serve import requests
Launched and connected shader compiler UnityShaderCompiler.exe after 0.04 seconds
Refreshing native plugins compatible for Editor in 0.60 ms, found 3 plugins.
Preloading 0 native plugins for Editor in 0.00 ms.
Unloading 3282 Unused Serialized files (Serialized files now loaded: 0)
Unloading 37 unused Assets / (186.2 KB). Loaded Objects now: 3744.
Memory consumption went from 117.7 MB to 117.5 MB.
Total: 3.226000 ms (FindLiveObjects: 0.306400 ms CreateObjectMapping: 0.099300 ms MarkObjects: 2.682700 ms  DeleteObjects: 0.136400 ms)

AssetImportParameters requested are different than current active one (requested -> active):
  custom:video-decoder-ogg-theora: a1e56fd34408186e4bbccfd4996cb3dc -> 
  custom:container-muxer-webm: aa71ff27fc2769a1b78a27578f13a17b -> 
  custom:container-demuxer-webm: 4f35f7cbe854078d1ac9338744f61a02 -> 
  custom:video-encoder-webm-vp8: eb34c28f22e8b96e1ab97ce403110664 -> 
  custom:audio-encoder-webm-vorbis: bf7c407c2cedff20999df2af8eb42d56 -> 
  custom:framework-win-MediaFoundation: 216162199b28c13a410421893ffa2e32 -> 
  custom:container-demuxer-ogg: 62fdf1f143b41e24485cea50d1cbac27 -> 
  custom:video-decoder-webm-vp8: 9c59270c3fd7afecdb556c50c9e8de78 -> 
  custom:audio-decoder-ogg-vorbis: bf7c407c2cedff20999df2af8eb42d56 -> 
========================================================================
Received Import Request.
  Time since last request: 74866.455472 seconds.
  path: Assets/04_Animations/Enemy/Ch20_nonPBR@Fighting Idle.fbx
  artifactKey: Guid(b957e38754482f24886ad01f00e44044) Importer(815301076,1909f56bfc062723c751e8b465ee728b)
Start importing Assets/04_Animations/Enemy/Ch20_nonPBR@Fighting Idle.fbx using Guid(b957e38754482f24886ad01f00e44044) Importer(815301076,1909f56bfc062723c751e8b465ee728b)  -> (artifact id: '47d1cb7b618c1491496473ace7a010d4') in 0.418377 seconds 
========================================================================
Received Import Request.
  Time since last request: 7.292410 seconds.
  path: Assets/04_Animations/Enemy/Ch20_nonPBR@Fighting Idle.fbx
  artifactKey: Guid(b957e38754482f24886ad01f00e44044) Importer(815301076,1909f56bfc062723c751e8b465ee728b)
Start importing Assets/04_Animations/Enemy/Ch20_nonPBR@Fighting Idle.fbx using Guid(b957e38754482f24886ad01f00e44044) Importer(815301076,1909f56bfc062723c751e8b465ee728b)  -> (artifact id: 'f2f42c1626db2b4161b698870d18feeb') in 0.173765 seconds 
========================================================================
Received Import Request.
  Time since last request: 99.607727 seconds.
  path: Assets/04_Animations/Enemy/Ch20_nonPBR@FIdle.fbx
  artifactKey: Guid(b6648566093deb041875076d6306d071) Importer(815301076,1909f56bfc062723c751e8b465ee728b)
Start importing Assets/04_Animations/Enemy/Ch20_nonPBR@FIdle.fbx using Guid(b6648566093deb041875076d6306d071) Importer(815301076,1909f56bfc062723c751e8b465ee728b)  -> (artifact id: '37bb0f716ae4e00a3aee32cbb91be50b') in 0.029408 seconds 
========================================================================
Received Import Request.
  Time since last request: 17.138458 seconds.
  path: Assets/04_Animations/Enemy/Ch20_nonPBR@FIdle.fbx
  artifactKey: Guid(b6648566093deb041875076d6306d071) Importer(815301076,1909f56bfc062723c751e8b465ee728b)
Start importing Assets/04_Animations/Enemy/Ch20_nonPBR@FIdle.fbx using Guid(b6648566093deb041875076d6306d071) Importer(815301076,1909f56bfc062723c751e8b465ee728b)  -> (artifact id: '72b84ac578c87aab465afec1fefbdf9f') in 0.009165 seconds 
========================================================================
Received Import Request.
  Time since last request: 27.724888 seconds.
  path: Assets/04_Animations/Enemy/Ch20_nonPBR@FIdle.fbx
  artifactKey: Guid(b6648566093deb041875076d6306d071) Importer(815301076,1909f56bfc062723c751e8b465ee728b)
Start importing Assets/04_Animations/Enemy/Ch20_nonPBR@FIdle.fbx using Guid(b6648566093deb041875076d6306d071) Importer(815301076,1909f56bfc062723c751e8b465ee728b)  -> (artifact id: 'd640b2d7f93fef69b3a591f7a7261ffa') in 0.009055 seconds 
========================================================================
Received Import Request.
  Time since last request: 14.290276 seconds.
  path: Assets/03_Prefabs/EnemyBase.prefab
  artifactKey: Guid(5faeb4c255f90664a9b211f1b1613eef) Importer(815301076,1909f56bfc062723c751e8b465ee728b)
Start importing Assets/03_Prefabs/EnemyBase.prefab using Guid(5faeb4c255f90664a9b211f1b1613eef) Importer(815301076,1909f56bfc062723c751e8b465ee728b)  -> (artifact id: 'c320e8b96761baec5e08b45fa8c0ec57') in 0.178235 seconds 
========================================================================
Received Import Request.
  Time since last request: 0.000029 seconds.
  path: Assets/03_Prefabs/Player.prefab
  artifactKey: Guid(9deae02aedc987d499fab81b53f2b6cd) Importer(815301076,1909f56bfc062723c751e8b465ee728b)
Start importing Assets/03_Prefabs/Player.prefab using Guid(9deae02aedc987d499fab81b53f2b6cd) Importer(815301076,1909f56bfc062723c751e8b465ee728b)  -> (artifact id: '737478f7b4c04bc2775be6ba77760502') in 0.118915 seconds 
